/edit/

No session found. Sending cookie header.

GET
Sending through tunnel /
Tunnel not found at /home/bensigal/server/www/tunnel.node.js
At default tunnel
Sending through tunnel /edit/
function (req,res,server){
	if(!req.session.on){
		req.log("Not logged in. Sending login page.");
		server.getFile(server.root+"login.html",req,res,{
			statusCode: 403,
			pathNotFromWww:true
		});
	}else if(/(ugly|contextMenu)\.css/.test(req.path)){
		server.getFile(req.path,req,res);
	}else if(/(editor|serverManagement|userManagement|contextMenu)\.js$/.test(req.path)){
		server.getFile(req.path,req,res);
	}else if(/\/edit\/?$/.test(req.path)){
		server.getFile("edit/index.html",req,res);
	}else{
		req.log("File not found.");
		server.showErrorPage(404,req,res);
	}
}
Not logged in. Sending login page.
Sending /home/bensigal/server/login.html with options { statusCode: 403, pathNotFromWww: true }
<Buffer 3c 68 74 6d 6c 3e 3c 68 65 61 64 3e 3c 6d 65 74 61 20 68 74 74 70 2d 65 71 75 69 76 3d 22 43 6f 6e 74 65 6e 74 2d 54 79 70 65 22 20 63 6f 6e 74 65 6e ... >
