/jqui/jquery-ui.js

Session found.
{ id: 'ce407d87f344b0957cbdf53dcd09acaadb68f33142ab88d90704d45b9559f6dd1158e94ff4c6fd775c36227d18de7124',
  on: true,
  un: 'Ben',
  pwd: '65LLMPQrevres' }

GET
Sending through tunnel /
Error: Cannot find module '/home/bensigal/server/www/tunnel.node.js'
    at Function.Module._resolveFilename (module.js:338:15)
    at Function.Module._load (module.js:289:25)
    at Module.require (module.js:366:17)
    at require (module.js:385:17)
    at sendThroughTunnel (/home/bensigal/server/server.js:262:20)
    at serverRespond (/home/bensigal/server/server.js:112:3)
    at /home/bensigal/server/server.js:47:4
    at FSReqWrap.oncomplete (fs.js:82:15)
Tunnel not found at /home/bensigal/server/www/tunnel.node.js
At default tunnel
Sending through tunnel /jqui/
Error: Cannot find module '/home/bensigal/server/www/jqui/tunnel.node.js'
    at Function.Module._resolveFilename (module.js:338:15)
    at Function.Module._load (module.js:289:25)
    at Module.require (module.js:366:17)
    at require (module.js:385:17)
    at sendThroughTunnel (/home/bensigal/server/server.js:262:20)
    at /home/bensigal/server/server.js:140:4
    at FSReqWrap.oncomplete (fs.js:82:15)
Tunnel not found at /home/bensigal/server/www/jqui/tunnel.node.js
At default tunnel
Searching for /jqui/jquery-ui.js
Sending /jqui/jquery-ui.js with options {}
<Buffer 2f 2a 21 20 6a 51 75 65 72 79 20 55 49 20 2d 20 76 31 2e 31 31 2e 34 20 2d 20 32 30 31 35 2d 30 33 2d 31 31 0a 2a 20 68 74 74 70 3a 2f 2f 6a 71 75 65 ... >
