/edit/editor.js

Session found.
{ id: '8f6784b44b3ce9894c1521a02116fa904986cd54eda9ee40243562f018cfba7ad07ab517766005c78f879a3f307ea9db',
  on: true,
  un: 'Ben',
  pwd: '65LLMPQrevres' }

GET
Sending through tunnel /
Error: Cannot find module '/home/bensigal/www/tunnel.node.js'
    at Function.Module._resolveFilename (module.js:338:15)
    at Function.Module._load (module.js:289:25)
    at Module.require (module.js:366:17)
    at require (module.js:385:17)
    at sendThroughTunnel (/home/bensigal/server/server.js:254:20)
    at serverRespond (/home/bensigal/server/server.js:112:3)
    at /home/bensigal/server/server.js:47:4
    at FSReqWrap.oncomplete (fs.js:82:15)
Tunnel not found at /home/bensigal/www/tunnel.node.js
At default tunnel
Sending through tunnel /edit/
function (req,res,server){
	if(!req.session.on){
		req.log("Not logged in. Sending login page.");
		server.getFile("server/login.html",req,res);
	}else if(/(ugly|contextMenu)\.css/.test(req.path)){
		server.getFile(req.path,req,res);
	}else if(/(editor|serverManagement|userManagement|contextMenu)\.js$/.test(req.path)){
		server.getFile(req.path,req,res);
	}else if(/\/edit\/?$/.test(req.path)){
		server.getFile("edit/index.html",req,res);
	}else{
		req.log("File not found.");
		server.showErrorPage(404,req,res);
	}
}
Sending /edit/editor.js with options {}
<Buffer 76 61 72 20 63 75 72 72 65 6e 74 45 64 69 74 6f 72 3d 31 3b 0a 76 61 72 20 65 64 69 74 6f 72 73 3d 5b 5d 3b 0a 76 61 72 20 6e 6f 45 64 69 74 6f 72 73 ... >
