/server/login

Session found.
{ id: '158415faa70d303b2974d37bd2dff878e37979ec5ecbb489656e004c5f4a326e0288cd0a320f7866e3c6730c7e522484' }

POST, not multipart. Assuming querystring. Actual: application/x-www-form-urlencoded; charset=UTF-8
Waiting for body before sending through tunnel...
un=Ben&pwd=44MeepsGiven
Sending through tunnel /
Error: Cannot find module '/home/bensigal/server/www/tunnel.node.js'
    at Function.Module._resolveFilename (module.js:338:15)
    at Function.Module._load (module.js:289:25)
    at Module.require (module.js:366:17)
    at require (module.js:385:17)
    at sendThroughTunnel (/home/bensigal/server/server.js:262:20)
    at IncomingMessage.<anonymous> (/home/bensigal/server/server.js:106:4)
    at emitNone (events.js:67:13)
    at IncomingMessage.emit (events.js:166:7)
    at endReadableNT (_stream_readable.js:905:12)
    at doNTCallback2 (node.js:441:9)
Tunnel not found at /home/bensigal/server/www/tunnel.node.js
At default tunnel
Sending through tunnel /server/
Error: Cannot find module './passwords.js'
    at Function.Module._resolveFilename (module.js:338:15)
    at Function.Module._load (module.js:289:25)
    at Module.require (module.js:366:17)
    at require (module.js:385:17)
    at Object.<anonymous> (/home/bensigal/server/www/server/tunnel.node.js:3:17)
    at Module._compile (module.js:435:26)
    at Object.Module._extensions..js (module.js:442:10)
    at Module.load (module.js:356:32)
    at Function.Module._load (module.js:313:12)
    at Module.require (module.js:366:17)
Tunnel not found at /home/bensigal/server/www/server/tunnel.node.js
At default tunnel
Searching for /server/login
Showing error 404
