/cheatSheet/

Session found.
{ id: 'a14d2dd42347bf27a1b567167fab1f9a782d6094ec4857818fe8103d1cd8b42f958a5fd29d4dad3edcd441371e276e0d',
  on: true,
  un: 'Ben',
  pwd: '65LLMPQrevres' }

GET
Sending through tunnel /
Error: Cannot find module '/home/bensigal/server/www/tunnel.node.js'
    at Function.Module._resolveFilename (module.js:338:15)
    at Function.Module._load (module.js:289:25)
    at Module.require (module.js:366:17)
    at require (module.js:385:17)
    at sendThroughTunnel (/home/bensigal/server/server.js:262:20)
    at serverRespond (/home/bensigal/server/server.js:112:3)
    at /home/bensigal/server/server.js:47:4
    at FSReqWrap.oncomplete (fs.js:82:15)
Tunnel not found at /home/bensigal/server/www/tunnel.node.js
At default tunnel
Sending through tunnel /cheatSheet/
Error: Cannot find module '/home/bensigal/server/www/cheatSheet/tunnel.node.js'
    at Function.Module._resolveFilename (module.js:338:15)
    at Function.Module._load (module.js:289:25)
    at Module.require (module.js:366:17)
    at require (module.js:385:17)
    at sendThroughTunnel (/home/bensigal/server/server.js:262:20)
    at /home/bensigal/server/server.js:140:4
    at FSReqWrap.oncomplete (fs.js:82:15)
Tunnel not found at /home/bensigal/server/www/cheatSheet/tunnel.node.js
At default tunnel
Current location is request. Sending index file.
Sending /cheatSheet/index.html with options [Function]
<Buffer 3c 21 44 4f 43 54 59 50 45 20 68 74 6d 6c 3e 0a 3c 68 74 6d 6c 20 6c 61 6e 67 3d 22 65 6e 22 3e 0a 20 20 20 20 3c 68 65 61 64 3e 0a 20 20 20 20 20 20 ... >
