/edit/serverManagement.js

Session found.
{ id: 'ba9eb8d0e540ce6662834f08e0962135d8be4170a3c44229ababf0350716f2ed9f3995cae0f01638637827aaadff2c59',
  on: true,
  un: 'Ben',
  pwd: '65LLMPQrevres' }

GET
Sending through tunnel /
Error: Cannot find module '/home/bensigal/server/www/tunnel.node.js'
    at Function.Module._resolveFilename (module.js:338:15)
    at Function.Module._load (module.js:289:25)
    at Module.require (module.js:366:17)
    at require (module.js:385:17)
    at sendThroughTunnel (/home/bensigal/server/server.js:262:20)
    at serverRespond (/home/bensigal/server/server.js:112:3)
    at /home/bensigal/server/server.js:47:4
    at FSReqWrap.oncomplete (fs.js:82:15)
Tunnel not found at /home/bensigal/server/www/tunnel.node.js
At default tunnel
Sending through tunnel /edit/
function (req,res,server){
	if(!req.session.on){
		req.log("Not logged in. Sending login page.");
		server.getFile(server.root+"login.html",req,res,{
			statusCode: 403,
			pathNotFromWww:true
		});
	}else if(/(ugly|contextMenu)\.css/.test(req.path)){
		server.getFile(req.path,req,res);
	}else if(/(editor|serverManagement|userManagement|contextMenu)\.js$/.test(req.path)){
		server.getFile(req.path,req,res);
	}else if(/\/edit\/?$/.test(req.path)){
		server.getFile("edit/index.html",req,res);
	}else{
		req.log("File not found.");
		server.showErrorPage(404,req,res);
	}
}
Sending /edit/serverManagement.js with options {}
<Buffer 66 75 6e 63 74 69 6f 6e 20 64 65 6c 65 74 65 46 69 6c 65 28 73 29 7b 0a 20 20 20 20 24 2e 70 6f 73 74 28 22 2f 73 65 72 76 65 72 2f 73 75 62 6d 69 74 ... >
