/monochrome.css

Session found.
{ id: 'a14d2dd42347bf27a1b567167fab1f9a782d6094ec4857818fe8103d1cd8b42f958a5fd29d4dad3edcd441371e276e0d',
  on: true,
  un: 'Ben',
  pwd: '65LLMPQrevres' }

GET
Sending through tunnel /
Error: Cannot find module '/home/bensigal/server/www/tunnel.node.js'
    at Function.Module._resolveFilename (module.js:338:15)
    at Function.Module._load (module.js:289:25)
    at Module.require (module.js:366:17)
    at require (module.js:385:17)
    at sendThroughTunnel (/home/bensigal/server/server.js:262:20)
    at serverRespond (/home/bensigal/server/server.js:112:3)
    at /home/bensigal/server/server.js:47:4
    at FSReqWrap.oncomplete (fs.js:82:15)
Tunnel not found at /home/bensigal/server/www/tunnel.node.js
At default tunnel
Searching for /monochrome.css
Sending /monochrome.css with options {}
<Buffer >
