/edit/ugly.css

Session found.
{ id: 'ce407d87f344b0957cbdf53dcd09acaadb68f33142ab88d90704d45b9559f6dd1158e94ff4c6fd775c36227d18de7124',
  on: true,
  un: 'Ben',
  pwd: '65LLMPQrevres' }

GET
Sending through tunnel /
Error: Cannot find module '/home/bensigal/server/www/tunnel.node.js'
    at Function.Module._resolveFilename (module.js:338:15)
    at Function.Module._load (module.js:289:25)
    at Module.require (module.js:366:17)
    at require (module.js:385:17)
    at sendThroughTunnel (/home/bensigal/server/server.js:262:20)
    at serverRespond (/home/bensigal/server/server.js:112:3)
    at /home/bensigal/server/server.js:47:4
    at FSReqWrap.oncomplete (fs.js:82:15)
Tunnel not found at /home/bensigal/server/www/tunnel.node.js
At default tunnel
Sending through tunnel /edit/
function (req,res,server){
	if(!req.session.on){
		req.log("Not logged in. Sending login page.");
		server.getFile(server.root+"login.html",req,res,{
			statusCode: 403,
			pathNotFromWww:true
		});
	}else if(/(ugly|contextMenu)\.css/.test(req.path)){
		server.getFile(req.path,req,res);
	}else if(/(editor|serverManagement|userManagement|contextMenu)\.js$/.test(req.path)){
		server.getFile(req.path,req,res);
	}else if(/\/edit\/?$/.test(req.path)){
		server.getFile("edit/index.html",req,res);
	}else{
		req.log("File not found.");
		server.showErrorPage(404,req,res);
	}
}
Sending /edit/ugly.css with options {}
<Buffer 23 6d 65 73 73 61 67 65 73 20 7b 0a 09 70 61 64 64 69 6e 67 3a 20 31 30 70 78 3b 0a 09 66 6f 6e 74 2d 73 69 7a 65 3a 20 31 38 70 78 3b 0a 09 70 61 64 ... >
